# JRE version: OpenJDK Runtime Environment 18.9 (11.0.11+9) (build 11.0.11+9)
# Java VM: OpenJDK 64-Bit Server VM 18.9 (11.0.11+9, mixed mode, tiered, compressed oops, g1 gc, windows-amd64)
Heap:
 garbage-first heap   total 299008K, used 204211K [0x0000000740000000, 0x0000000800000000)
  region size 1024K, 36 young (36864K), 0 survivors (0K)
 Metaspace       used 118847K, capacity 121102K, committed 123312K, reserved 1155072K
  class space    used 16112K, capacity 17107K, committed 17920K, reserved 1048576K
GC Heap History (20 events):
Event: 3341.017 GC heap before
{Heap before GC invocations=681 (full 87):
 garbage-first heap   total 299008K, used 201423K [0x0000000740000000, 0x0000000800000000)
  region size 1024K, 34 young (34816K), 1 survivors (1024K)
 Metaspace       used 118796K, capacity 121036K, committed 123312K, reserved 1155072K
  class space    used 16112K, capacity 17107K, committed 17920K, reserved 1048576K
}
Event: 3341.118 GC heap after
{Heap after GC invocations=682 (full 88):
 garbage-first heap   total 299008K, used 168201K [0x0000000740000000, 0x0000000800000000)
  region size 1024K, 0 young (0K), 0 survivors (0K)
 Metaspace       used 118796K, capacity 121036K, committed 123312K, reserved 1155072K
  class space    used 16112K, capacity 17107K, committed 17920K, reserved 1048576K
}
Event: 3342.742 GC heap before
{Heap before GC invocations=682 (full 88):
 garbage-first heap   total 299008K, used 229641K [0x0000000740000000, 0x0000000800000000)
  region size 1024K, 60 young (61440K), 0 survivors (0K)
 Metaspace       used 118800K, capacity 121036K, committed 123312K, reserved 1155072K
  class space    used 16112K, capacity 17107K, committed 17920K, reserved 1048576K
}
Event: 3342.744 GC heap after
{Heap after GC invocations=683 (full 88):
 garbage-first heap   total 299008K, used 168557K [0x0000000740000000, 0x0000000800000000)
  region size 1024K, 1 young (1024K), 1 survivors (1024K)
 Metaspace       used 118800K, capacity 121036K, committed 123312K, reserved 1155072K
  class space    used 16112K, capacity 17107K, committed 17920K, reserved 1048576K
}
Event: 3345.800 GC heap before
{Heap before GC invocations=684 (full 88):
 garbage-first heap   total 299008K, used 201325K [0x0000000740000000, 0x0000000800000000)
  region size 1024K, 34 young (34816K), 1 survivors (1024K)
 Metaspace       used 118803K, capacity 121036K, committed 123312K, reserved 1155072K
  class space    used 16112K, capacity 17107K, committed 17920K, reserved 1048576K
}
Event: 3345.897 GC heap after
{Heap after GC invocations=685 (full 89):
 garbage-first heap   total 299008K, used 168260K [0x0000000740000000, 0x0000000800000000)
  region size 1024K, 0 young (0K), 0 survivors (0K)
 Metaspace       used 118803K, capacity 121036K, committed 123312K, reserved 1155072K
  class space    used 16112K, capacity 17107K, committed 17920K, reserved 1048576K
}
Event: 3347.597 GC heap before
{Heap before GC invocations=685 (full 89):
 garbage-first heap   total 299008K, used 229700K [0x0000000740000000, 0x0000000800000000)
  region size 1024K, 60 young (61440K), 0 survivors (0K)
 Metaspace       used 118803K, capacity 121036K, committed 123312K, reserved 1155072K
  class space    used 16112K, capacity 17107K, committed 17920K, reserved 1048576K
}
Event: 3347.599 GC heap after
{Heap after GC invocations=686 (full 89):
 garbage-first heap   total 299008K, used 168582K [0x0000000740000000, 0x0000000800000000)
  region size 1024K, 1 young (1024K), 1 survivors (1024K)
 Metaspace       used 118803K, capacity 121036K, committed 123312K, reserved 1155072K
  class space    used 16112K, capacity 17107K, committed 17920K, reserved 1048576K
}
Event: 3348.724 GC heap before
{Heap before GC invocations=687 (full 89):
 garbage-first heap   total 299008K, used 209542K [0x0000000740000000, 0x0000000800000000)
  region size 1024K, 42 young (43008K), 1 survivors (1024K)
 Metaspace       used 118812K, capacity 121036K, committed 123312K, reserved 1155072K
  class space    used 16112K, capacity 17107K, committed 17920K, reserved 1048576K
}
Event: 3348.821 GC heap after
{Heap after GC invocations=688 (full 90):
 garbage-first heap   total 299008K, used 168279K [0x0000000740000000, 0x0000000800000000)
  region size 1024K, 0 young (0K), 0 survivors (0K)
 Metaspace       used 118812K, capacity 121036K, committed 123312K, reserved 1155072K
  class space    used 16112K, capacity 17107K, committed 17920K, reserved 1048576K
}
Event: 3350.656 GC heap before
{Heap before GC invocations=688 (full 90):
 garbage-first heap   total 299008K, used 229719K [0x0000000740000000, 0x0000000800000000)
  region size 1024K, 60 young (61440K), 0 survivors (0K)
 Metaspace       used 118836K, capacity 121101K, committed 123312K, reserved 1155072K
  class space    used 16112K, capacity 17107K, committed 17920K, reserved 1048576K
}
Event: 3350.658 GC heap after
{Heap after GC invocations=689 (full 90):
 garbage-first heap   total 299008K, used 168714K [0x0000000740000000, 0x0000000800000000)
  region size 1024K, 1 young (1024K), 1 survivors (1024K)
 Metaspace       used 118836K, capacity 121101K, committed 123312K, reserved 1155072K
  class space    used 16112K, capacity 17107K, committed 17920K, reserved 1048576K
}
Event: 3351.966 GC heap before
{Heap before GC invocations=690 (full 90):
 garbage-first heap   total 299008K, used 229130K [0x0000000740000000, 0x0000000800000000)
  region size 1024K, 60 young (61440K), 1 survivors (1024K)
 Metaspace       used 118837K, capacity 121101K, committed 123312K, reserved 1155072K
  class space    used 16112K, capacity 17107K, committed 17920K, reserved 1048576K
}
Event: 3351.969 GC heap after
{Heap after GC invocations=691 (full 90):
 garbage-first heap   total 299008K, used 168800K [0x0000000740000000, 0x0000000800000000)
  region size 1024K, 1 young (1024K), 1 survivors (1024K)
 Metaspace       used 118837K, capacity 121101K, committed 123312K, reserved 1155072K
  class space    used 16112K, capacity 17107K, committed 17920K, reserved 1048576K
}
Event: 3357.206 GC heap before
{Heap before GC invocations=691 (full 90):
 garbage-first heap   total 299008K, used 217952K [0x0000000740000000, 0x0000000800000000)
  region size 1024K, 50 young (51200K), 1 survivors (1024K)
 Metaspace       used 118838K, capacity 121101K, committed 123312K, reserved 1155072K
  class space    used 16112K, capacity 17107K, committed 17920K, reserved 1048576K
}
Event: 3357.303 GC heap after
{Heap after GC invocations=692 (full 91):
 garbage-first heap   total 299008K, used 168371K [0x0000000740000000, 0x0000000800000000)
  region size 1024K, 0 young (0K), 0 survivors (0K)
 Metaspace       used 118838K, capacity 121101K, committed 123312K, reserved 1155072K
  class space    used 16112K, capacity 17107K, committed 17920K, reserved 1048576K
}
Event: 3358.934 GC heap before
{Heap before GC invocations=692 (full 91):
 garbage-first heap   total 299008K, used 229811K [0x0000000740000000, 0x0000000800000000)
  region size 1024K, 60 young (61440K), 0 survivors (0K)
 Metaspace       used 118838K, capacity 121101K, committed 123312K, reserved 1155072K
  class space    used 16112K, capacity 17107K, committed 17920K, reserved 1048576K
}
Event: 3358.936 GC heap after
{Heap after GC invocations=693 (full 91):
 garbage-first heap   total 299008K, used 168740K [0x0000000740000000, 0x0000000800000000)
  region size 1024K, 1 young (1024K), 1 survivors (1024K)
 Metaspace       used 118838K, capacity 121101K, committed 123312K, reserved 1155072K
  class space    used 16112K, capacity 17107K, committed 17920K, reserved 1048576K
}
Event: 3360.062 GC heap before
{Heap before GC invocations=694 (full 91):
 garbage-first heap   total 299008K, used 198436K [0x0000000740000000, 0x0000000800000000)
  region size 1024K, 31 young (31744K), 1 survivors (1024K)
 Metaspace       used 118841K, capacity 121101K, committed 123312K, reserved 1155072K
  class space    used 16112K, capacity 17107K, committed 17920K, reserved 1048576K
}
Event: 3360.158 GC heap after
{Heap after GC invocations=695 (full 92):
 garbage-first heap   total 299008K, used 168371K [0x0000000740000000, 0x0000000800000000)
  region size 1024K, 0 young (0K), 0 survivors (0K)
 Metaspace       used 118841K, capacity 121101K, committed 123312K, reserved 1155072K
  class space    used 16112K, capacity 17107K, committed 17920K, reserved 1048576K
}

